[2026-05-18 11:41:25] [INFO] Début de la préparation TargetTech.
[2026-05-18 11:41:25] [INFO] Dossier déjà présent : C:\TargetTech
[2026-05-18 11:41:25] [INFO] Dossier déjà présent : C:\TargetTech\Apps
[2026-05-18 11:41:25] [INFO] Dossier déjà présent : C:\TargetTech\Logs
[2026-05-18 11:41:25] [INFO] Dossier déjà présent : C:\TargetTech\Config
[2026-05-18 11:41:25] [INFO] Dossier déjà présent : C:\TargetTech\Backup
[2026-05-18 11:41:25] [INFO] Préparation TargetTech terminée.
[2026-05-18 14:44:33] [INFO] Début de l'installation de SwitchLauncher.
[2026-05-18 14:44:33] [INFO] SwitchLauncher.exe trouvé : C:\TargetTech\Apps\SwitchLauncher.exe
[2026-05-18 14:44:33] [INFO] Taille du fichier : 170574096 octets
[2026-05-18 14:44:33] [INFO] Date de modification : 05/15/2026 17:44:06
[2026-05-18 14:44:33] [INFO] Fichier de configuration créé : C:\TargetTech\Config\launcher-config.json
[2026-05-18 14:44:33] [INFO] Installation de SwitchLauncher terminée.
[2026-05-18 15:50:12] [INFO] Début de la création du compte kiosk.
[2026-05-18 15:50:13] [INFO] Compte kiosk créé.
[2026-05-18 15:50:13] [INFO] Vérification : kiosk retiré du groupe Administrators si présent.
[2026-05-18 15:50:13] [INFO] Compte kiosk ajouté/vérifié dans le groupe Users.
[2026-05-18 15:50:13] [INFO] Compte kiosk activé.
[2026-05-18 15:50:13] [INFO] Dossier KioskData créé : C:\TargetTech\KioskData
[2026-05-18 15:50:13] [INFO] Création du compte kiosk terminée.
[2026-05-18 15:56:33] [INFO] Début de la création du compte kiosk.
[2026-05-18 15:56:33] [INFO] Compte kiosk créé.
[2026-05-18 15:56:33] [INFO] Vérification : kiosk retiré du groupe Administrators si présent.
[2026-05-18 15:56:33] [INFO] Compte kiosk ajouté/vérifié dans le groupe Users.
[2026-05-18 15:56:33] [INFO] Compte kiosk activé.
[2026-05-18 15:56:33] [INFO] Dossier KioskData déjà présent : C:\TargetTech\KioskData
[2026-05-18 15:56:33] [INFO] Création du compte kiosk terminée.
[2026-05-18 16:01:16] [INFO] Début de la création du compte kiosk.
[2026-05-18 16:01:16] [INFO] Compte kiosk créé.
[2026-05-18 16:01:16] [INFO] Vérification : kiosk retiré du groupe Administrators si présent.
[2026-05-18 16:01:16] [INFO] Compte kiosk ajouté/vérifié dans le groupe Users.
[2026-05-18 16:01:16] [INFO] Compte kiosk activé.
[2026-05-18 16:01:16] [INFO] Dossier KioskData déjà présent : C:\TargetTech\KioskData
[2026-05-18 16:01:16] [INFO] Création du compte kiosk terminée.
[2026-05-18 17:02:35] [INFO] Début de la configuration Autologon kiosk.
[2026-05-18 17:02:35] [INFO] Autologon configuré pour l'utilisateur kiosk.
[2026-05-18 17:02:35] [INFO] Nom machine utilisé comme domaine local : TARGET-TECH
[2026-05-18 17:02:35] [INFO] Configuration Autologon terminée.
[2026-05-18 18:07:39] [INFO] Début configuration lancement automatique SwitchLauncher.
[2026-05-18 18:07:39] [INFO] Dossier Startup vérifié : C:\Users\kiosk\AppData\Roaming\Microsoft\Windows\Start Menu\Programs\Startup
[2026-05-18 18:07:40] [INFO] Raccourci de démarrage créé : C:\Users\kiosk\AppData\Roaming\Microsoft\Windows\Start Menu\Programs\Startup\SwitchLauncher.lnk
[2026-05-18 18:07:40] [INFO] Configuration lancement automatique terminée.
[2026-05-19 10:27:17] [INFO] Début configuration lancement automatique SwitchLauncher.
[2026-05-19 10:27:17] [INFO] Dossier Startup vérifié : C:\Users\kiosk\AppData\Roaming\Microsoft\Windows\Start Menu\Programs\Startup
[2026-05-19 10:27:18] [INFO] Raccourci de démarrage créé : C:\Users\kiosk\AppData\Roaming\Microsoft\Windows\Start Menu\Programs\Startup\SwitchLauncher.lnk
[2026-05-19 10:27:18] [INFO] Configuration lancement automatique terminée.
[2026-05-19 11:26:47] [INFO] Début attribution droits administrateur au compte kiosk.
[2026-05-19 11:26:48] [INFO] Compte kiosk ajouté au groupe Administrateurs.
[2026-05-19 11:26:48] [INFO] Vérification OK : kiosk est administrateur local.
[2026-05-19 11:26:48] [INFO] Attribution droits administrateur terminée.
[2026-05-19 12:30:05] [INFO] Création tâche planifiée élevée SwitchLauncher.
[2026-05-19 12:30:05] [INFO] Tâche planifiée élevée créée : TargetTech-SwitchLauncher-Elevated
[2026-05-19 14:31:56] [INFO] Création tâche planifiée élevée SwitchLauncher.
[2026-05-19 14:31:56] [INFO] Tâche planifiée élevée créée : TargetTech-SwitchLauncher-Elevated
[2026-05-19 15:36:35] [INFO] Début configuration tâche planifiée Watchdog.
[2026-05-19 15:36:35] [ERROR] Script watchdog introuvable : C:\TargetTech\Scripts\Watchdog-SwitchLauncher.ps1
[2026-05-19 15:39:51] [INFO] Début configuration tâche planifiée Watchdog.
[2026-05-19 15:39:51] [ERROR] PowerShell 7 introuvable : C:\Program Files\PowerShell\7\pwsh.exe
[2026-05-19 16:08:05] [INFO] Début configuration tâche planifiée Watchdog.
[2026-05-19 16:08:05] [ERROR] PowerShell 7 introuvable : C:\Program Files\PowerShell\7\pwsh.exe
[2026-05-19 16:47:18] [INFO] Début configuration tâche planifiée Watchdog.
[2026-05-19 16:47:18] [INFO] Tâche watchdog créée : TargetTech-Watchdog
[2026-05-19 16:47:18] [INFO] Configuration watchdog terminée.
[2026-05-19 16:52:28] [INFO] Début configuration tâche planifiée Watchdog.
[2026-05-19 16:52:28] [INFO] Tâche watchdog créée : TargetTech-Watchdog
[2026-05-19 16:52:28] [INFO] Configuration watchdog terminée.
[2026-05-19 17:51:09] [INFO] Début configuration tâche planifiée Watchdog.
[2026-05-19 17:51:10] [INFO] Tâche watchdog créée : TargetTech-Watchdog
[2026-05-19 17:51:10] [INFO] Configuration watchdog terminée.
[2026-05-19 19:04:16] [INFO] Début configuration shell kiosk.
[2026-05-19 19:04:17] [INFO] SID kiosk détecté : S-1-5-21-2845864084-3959117620-1390768985-1002
[2026-05-19 19:04:17] [INFO] Shell kiosk configuré vers : C:\TargetTech\Apps\SwitchLauncher.exe
[2026-05-19 19:04:17] [INFO] Configuration shell kiosk terminée.
[2026-05-19 19:32:30] [INFO] Début configuration shell kiosk.
[2026-05-19 19:32:30] [INFO] SID kiosk détecté : S-1-5-21-2845864084-3959117620-1390768985-1002
[2026-05-19 19:32:30] [INFO] Shell kiosk configuré vers : C:\TargetTech\Apps\SwitchLauncher.exe
[2026-05-19 19:32:30] [INFO] Configuration shell kiosk terminée.
[2026-05-19 19:46:00] [INFO] Début configuration shell kiosk.
[2026-05-19 19:46:00] [INFO] Chargement de la ruche utilisateur kiosk.
[2026-05-19 19:46:00] [INFO] Shell kiosk configuré via Policies\System : C:\TargetTech\Apps\SwitchLauncher.exe
[2026-05-19 19:46:00] [INFO] Déchargement de la ruche utilisateur kiosk.
[2026-05-19 19:46:00] [INFO] Configuration shell kiosk terminée.
[2026-05-20 09:30:27] [INFO] Début configuration tâche anti-Explorer.
[2026-05-20 09:30:27] [INFO] Tâche anti-Explorer créée : TargetTech-KillExplorer
[2026-05-20 09:30:27] [INFO] Configuration tâche anti-Explorer terminée.
[2026-05-20 10:50:47] [INFO] Configuration de la tâche unique kiosk.
[2026-05-20 10:50:47] [INFO] Tâche unique kiosk créée : TargetTech-KioskSession
[2026-05-20 11:36:06] [INFO] Configuration du shell WinKiosk global.
[2026-05-20 11:36:06] [INFO] Ancien shell sauvegardé : explorer.exe
[2026-05-20 11:36:06] [INFO] Nouveau shell configuré : wscript.exe "C:\TargetTech\Scripts\Run-KioskSession.vbs"
[2026-05-20 11:36:06] [INFO] Configuration WinKiosk Shell terminée.
[2026-05-20 16:40:24] [INFO] Début configuration Explorer vivant mais verrouillé.
[2026-05-20 16:40:25] [INFO] Suppression demandée pour tâche : TargetTech-SwitchLauncher-Elevated
[2026-05-20 16:40:25] [INFO] Suppression demandée pour tâche : TargetTech-Watchdog
[2026-05-20 16:40:25] [INFO] Suppression demandée pour tâche : TargetTech-KillExplorer
[2026-05-20 16:40:25] [INFO] Suppression demandée pour tâche : TargetTech-KioskSession
[2026-05-20 16:40:25] [INFO] Suppression demandée pour tâche : TargetTech-SwitchLauncher
[2026-05-20 16:40:25] [INFO] Suppression demandée pour tâche : TargetTech-KioskLauncher
[2026-05-20 16:40:25] [INFO] Tâche de lancement kiosk créée : TargetTech-KioskLauncher
[2026-05-20 16:40:25] [INFO] Anciennes clés Shell utilisateur nettoyées.
[2026-05-20 16:40:25] [INFO] Restrictions utilisateur kiosk appliquées.
[2026-05-20 16:40:25] [INFO] Ruche kiosk déchargée.
[2026-05-20 16:40:25] [INFO] Configuration Explorer vivant mais verrouillé terminée.
[2026-05-21 15:21:37] [INFO] Début configuration auto-hide taskbar.
[2026-05-21 15:21:37] [INFO] Auto-hide taskbar appliqué.
[2026-05-21 15:21:37] [INFO] Ruche kiosk déchargée.
[2026-05-21 15:21:37] [INFO] Configuration auto-hide taskbar terminée.
